build/app/intermediates/manifest_merge_blame_file/debug/manifest-merger-blame-debug-report.txt
1<?xml version="1.0" encoding="utf-8"?>
2<manifest xmlns:android="http://schemas.android.com/apk/res/android"
3    package="com.example.finance_tracking"
4    android:versionCode="1"
5    android:versionName="1.0.0" >
6
7    <uses-sdk
8        android:minSdkVersion="23"
9        android:targetSdkVersion="35" />
10    <!--
11         The INTERNET permission is required for development. Specifically,
12         the Flutter tool needs it to communicate with the running application
13         to allow setting breakpoints, to provide hot reload, etc.
14    -->
15    <uses-permission android:name="android.permission.INTERNET" />
15-->src\main\AndroidManifest.xml:3:5-67
15-->src\main\AndroidManifest.xml:3:22-64
16    <uses-permission android:name="android.permission.READ_EXTERNAL_STORAGE" />
16-->src\main\AndroidManifest.xml:4:5-80
16-->src\main\AndroidManifest.xml:4:22-77
17    <uses-permission android:name="android.permission.WRITE_EXTERNAL_STORAGE" />
17-->src\main\AndroidManifest.xml:5:5-81
17-->src\main\AndroidManifest.xml:5:22-78
18    <uses-permission android:name="android.permission.READ_MEDIA_IMAGES" />
18-->src\main\AndroidManifest.xml:6:5-76
18-->src\main\AndroidManifest.xml:6:22-73
19    <uses-permission android:name="android.permission.CAMERA" />
19-->src\main\AndroidManifest.xml:7:5-64
19-->src\main\AndroidManifest.xml:7:22-62
20    <!--
21 Required to query activities that can process text, see:
22         https://developer.android.com/training/package-visibility and
23         https://developer.android.com/reference/android/content/Intent#ACTION_PROCESS_TEXT.
24
25         In particular, this is used by the Flutter engine in io.flutter.plugin.text.ProcessTextPlugin.
26    -->
27    <queries>
27-->src\main\AndroidManifest.xml:45:5-50:15
28        <intent>
28-->src\main\AndroidManifest.xml:46:9-49:18
29            <action android:name="android.intent.action.PROCESS_TEXT" />
29-->src\main\AndroidManifest.xml:47:13-72
29-->src\main\AndroidManifest.xml:47:21-70
30
31            <data android:mimeType="text/plain" />
31-->src\main\AndroidManifest.xml:48:13-50
31-->src\main\AndroidManifest.xml:48:19-48
32        </intent>
33    </queries>
34
35    <uses-permission android:name="android.permission.ACCESS_NETWORK_STATE" />
35-->[com.google.firebase:firebase-auth:23.1.0] AndroidManifest.xml:26:5-79
35-->[com.google.firebase:firebase-auth:23.1.0] AndroidManifest.xml:26:22-76
36    <uses-permission android:name="com.google.android.providers.gsf.permission.READ_GSERVICES" />
36-->[com.google.android.recaptcha:recaptcha:18.5.1] AndroidManifest.xml:9:5-98
36-->[com.google.android.recaptcha:recaptcha:18.5.1] AndroidManifest.xml:9:22-95
37
38    <permission
38-->[androidx.core:core:1.13.1] AndroidManifest.xml:22:5-24:47
39        android:name="com.example.finance_tracking.DYNAMIC_RECEIVER_NOT_EXPORTED_PERMISSION"
39-->[androidx.core:core:1.13.1] AndroidManifest.xml:23:9-81
40        android:protectionLevel="signature" />
40-->[androidx.core:core:1.13.1] AndroidManifest.xml:24:9-44
41
42    <uses-permission android:name="com.example.finance_tracking.DYNAMIC_RECEIVER_NOT_EXPORTED_PERMISSION" />
42-->[androidx.core:core:1.13.1] AndroidManifest.xml:26:5-97
42-->[androidx.core:core:1.13.1] AndroidManifest.xml:26:22-94
43
44    <application
45        android:name="android.app.Application"
46        android:appComponentFactory="androidx.core.app.CoreComponentFactory"
46-->[androidx.core:core:1.13.1] AndroidManifest.xml:28:18-86
47        android:debuggable="true"
48        android:extractNativeLibs="false"
49        android:icon="@mipmap/ic_launcher"
50        android:label="finance_tracker" >
51        <activity
52            android:name="com.example.finance_tracking.MainActivity"
53            android:configChanges="orientation|keyboardHidden|keyboard|screenSize|smallestScreenSize|locale|layoutDirection|fontScale|screenLayout|density|uiMode"
54            android:exported="true"
55            android:hardwareAccelerated="true"
56            android:launchMode="singleTop"
57            android:taskAffinity=""
58            android:theme="@style/LaunchTheme"
59            android:windowSoftInputMode="adjustResize" >
60
61            <!--
62                 Specifies an Android theme to apply to this Activity as soon as
63                 the Android process has started. This theme is visible to the user
64                 while the Flutter UI initializes. After that, this theme continues
65                 to determine the Window background behind the Flutter UI.
66            -->
67            <meta-data
68                android:name="io.flutter.embedding.android.NormalTheme"
69                android:resource="@style/NormalTheme" />
70
71            <intent-filter>
72                <action android:name="android.intent.action.MAIN" />
73
74                <category android:name="android.intent.category.LAUNCHER" />
75            </intent-filter>
76        </activity>
77        <!--
78             Don't delete the meta-data below.
79             This is used by the Flutter tool to generate GeneratedPluginRegistrant.java
80        -->
81        <meta-data
82            android:name="flutterEmbedding"
83            android:value="2" />
84
85        <service
85-->[:cloud_firestore] AndroidManifest.xml:8:9-12:19
86            android:name="com.google.firebase.components.ComponentDiscoveryService"
86-->[:cloud_firestore] AndroidManifest.xml:8:18-89
87            android:directBootAware="true"
87-->[com.google.firebase:firebase-common:21.0.0] AndroidManifest.xml:32:13-43
88            android:exported="false" >
88-->[com.google.firebase:firebase-auth:23.1.0] AndroidManifest.xml:68:13-37
89            <meta-data
89-->[:cloud_firestore] AndroidManifest.xml:9:13-11:85
90                android:name="com.google.firebase.components:io.flutter.plugins.firebase.firestore.FlutterFirebaseFirestoreRegistrar"
90-->[:cloud_firestore] AndroidManifest.xml:10:17-134
91                android:value="com.google.firebase.components.ComponentRegistrar" />
91-->[:cloud_firestore] AndroidManifest.xml:11:17-82
92            <meta-data
92-->[:firebase_auth] AndroidManifest.xml:9:13-11:85
93                android:name="com.google.firebase.components:io.flutter.plugins.firebase.auth.FlutterFirebaseAuthRegistrar"
93-->[:firebase_auth] AndroidManifest.xml:10:17-124
94                android:value="com.google.firebase.components.ComponentRegistrar" />
94-->[:firebase_auth] AndroidManifest.xml:11:17-82
95            <meta-data
95-->[:firebase_storage] AndroidManifest.xml:9:13-11:85
96                android:name="com.google.firebase.components:io.flutter.plugins.firebase.storage.FlutterFirebaseAppRegistrar"
96-->[:firebase_storage] AndroidManifest.xml:10:17-126
97                android:value="com.google.firebase.components.ComponentRegistrar" />
97-->[:firebase_storage] AndroidManifest.xml:11:17-82
98            <meta-data
98-->[:firebase_core] AndroidManifest.xml:9:13-11:85
99                android:name="com.google.firebase.components:io.flutter.plugins.firebase.core.FlutterFirebaseCoreRegistrar"
99-->[:firebase_core] AndroidManifest.xml:10:17-124
100                android:value="com.google.firebase.components.ComponentRegistrar" />
100-->[:firebase_core] AndroidManifest.xml:11:17-82
101            <meta-data
101-->[com.google.firebase:firebase-auth:23.1.0] AndroidManifest.xml:69:13-71:85
102                android:name="com.google.firebase.components:com.google.firebase.auth.FirebaseAuthRegistrar"
102-->[com.google.firebase:firebase-auth:23.1.0] AndroidManifest.xml:70:17-109
103                android:value="com.google.firebase.components.ComponentRegistrar" />
103-->[com.google.firebase:firebase-auth:23.1.0] AndroidManifest.xml:71:17-82
104            <meta-data
104-->[com.google.firebase:firebase-firestore:25.1.1] AndroidManifest.xml:17:13-19:85
105                android:name="com.google.firebase.components:com.google.firebase.firestore.FirebaseFirestoreKtxRegistrar"
105-->[com.google.firebase:firebase-firestore:25.1.1] AndroidManifest.xml:18:17-122
106                android:value="com.google.firebase.components.ComponentRegistrar" />
106-->[com.google.firebase:firebase-firestore:25.1.1] AndroidManifest.xml:19:17-82
107            <meta-data
107-->[com.google.firebase:firebase-firestore:25.1.1] AndroidManifest.xml:20:13-22:85
108                android:name="com.google.firebase.components:com.google.firebase.firestore.FirestoreRegistrar"
108-->[com.google.firebase:firebase-firestore:25.1.1] AndroidManifest.xml:21:17-111
109                android:value="com.google.firebase.components.ComponentRegistrar" />
109-->[com.google.firebase:firebase-firestore:25.1.1] AndroidManifest.xml:22:17-82
110            <meta-data
110-->[com.google.firebase:firebase-storage:21.0.1] AndroidManifest.xml:30:13-32:85
111                android:name="com.google.firebase.components:com.google.firebase.storage.FirebaseStorageKtxRegistrar"
111-->[com.google.firebase:firebase-storage:21.0.1] AndroidManifest.xml:31:17-118
112                android:value="com.google.firebase.components.ComponentRegistrar" />
112-->[com.google.firebase:firebase-storage:21.0.1] AndroidManifest.xml:32:17-82
113            <meta-data
113-->[com.google.firebase:firebase-storage:21.0.1] AndroidManifest.xml:33:13-35:85
114                android:name="com.google.firebase.components:com.google.firebase.storage.StorageRegistrar"
114-->[com.google.firebase:firebase-storage:21.0.1] AndroidManifest.xml:34:17-107
115                android:value="com.google.firebase.components.ComponentRegistrar" />
115-->[com.google.firebase:firebase-storage:21.0.1] AndroidManifest.xml:35:17-82
116            <meta-data
116-->[com.google.firebase:firebase-appcheck:18.0.0] AndroidManifest.xml:25:13-27:85
117                android:name="com.google.firebase.components:com.google.firebase.appcheck.FirebaseAppCheckKtxRegistrar"
117-->[com.google.firebase:firebase-appcheck:18.0.0] AndroidManifest.xml:26:17-120
118                android:value="com.google.firebase.components.ComponentRegistrar" />
118-->[com.google.firebase:firebase-appcheck:18.0.0] AndroidManifest.xml:27:17-82
119            <meta-data
119-->[com.google.firebase:firebase-appcheck:18.0.0] AndroidManifest.xml:28:13-30:85
120                android:name="com.google.firebase.components:com.google.firebase.appcheck.FirebaseAppCheckRegistrar"
120-->[com.google.firebase:firebase-appcheck:18.0.0] AndroidManifest.xml:29:17-117
121                android:value="com.google.firebase.components.ComponentRegistrar" />
121-->[com.google.firebase:firebase-appcheck:18.0.0] AndroidManifest.xml:30:17-82
122            <meta-data
122-->[com.google.firebase:firebase-common-ktx:21.0.0] AndroidManifest.xml:12:13-14:85
123                android:name="com.google.firebase.components:com.google.firebase.ktx.FirebaseCommonLegacyRegistrar"
123-->[com.google.firebase:firebase-common-ktx:21.0.0] AndroidManifest.xml:13:17-116
124                android:value="com.google.firebase.components.ComponentRegistrar" />
124-->[com.google.firebase:firebase-common-ktx:21.0.0] AndroidManifest.xml:14:17-82
125            <meta-data
125-->[com.google.firebase:firebase-common:21.0.0] AndroidManifest.xml:35:13-37:85
126                android:name="com.google.firebase.components:com.google.firebase.FirebaseCommonKtxRegistrar"
126-->[com.google.firebase:firebase-common:21.0.0] AndroidManifest.xml:36:17-109
127                android:value="com.google.firebase.components.ComponentRegistrar" />
127-->[com.google.firebase:firebase-common:21.0.0] AndroidManifest.xml:37:17-82
128        </service>
129
130        <provider
130-->[:image_picker_android] AndroidManifest.xml:9:9-17:20
131            android:name="io.flutter.plugins.imagepicker.ImagePickerFileProvider"
131-->[:image_picker_android] AndroidManifest.xml:10:13-82
132            android:authorities="com.example.finance_tracking.flutter.image_provider"
132-->[:image_picker_android] AndroidManifest.xml:11:13-74
133            android:exported="false"
133-->[:image_picker_android] AndroidManifest.xml:12:13-37
134            android:grantUriPermissions="true" >
134-->[:image_picker_android] AndroidManifest.xml:13:13-47
135            <meta-data
135-->[:image_picker_android] AndroidManifest.xml:14:13-16:75
136                android:name="android.support.FILE_PROVIDER_PATHS"
136-->[:image_picker_android] AndroidManifest.xml:15:17-67
137                android:resource="@xml/flutter_image_picker_file_paths" />
137-->[:image_picker_android] AndroidManifest.xml:16:17-72
138        </provider> <!-- Trigger Google Play services to install the backported photo picker module. -->
139        <service
139-->[:image_picker_android] AndroidManifest.xml:19:9-31:19
140            android:name="com.google.android.gms.metadata.ModuleDependencies"
140-->[:image_picker_android] AndroidManifest.xml:20:13-78
141            android:enabled="false"
141-->[:image_picker_android] AndroidManifest.xml:21:13-36
142            android:exported="false" >
142-->[:image_picker_android] AndroidManifest.xml:22:13-37
143            <intent-filter>
143-->[:image_picker_android] AndroidManifest.xml:24:13-26:29
144                <action android:name="com.google.android.gms.metadata.MODULE_DEPENDENCIES" />
144-->[:image_picker_android] AndroidManifest.xml:25:17-94
144-->[:image_picker_android] AndroidManifest.xml:25:25-91
145            </intent-filter>
146
147            <meta-data
147-->[:image_picker_android] AndroidManifest.xml:28:13-30:36
148                android:name="photopicker_activity:0:required"
148-->[:image_picker_android] AndroidManifest.xml:29:17-63
149                android:value="" />
149-->[:image_picker_android] AndroidManifest.xml:30:17-33
150        </service>
151
152        <activity
152-->[com.google.firebase:firebase-auth:23.1.0] AndroidManifest.xml:29:9-46:20
153            android:name="com.google.firebase.auth.internal.GenericIdpActivity"
153-->[com.google.firebase:firebase-auth:23.1.0] AndroidManifest.xml:30:13-80
154            android:excludeFromRecents="true"
154-->[com.google.firebase:firebase-auth:23.1.0] AndroidManifest.xml:31:13-46
155            android:exported="true"
155-->[com.google.firebase:firebase-auth:23.1.0] AndroidManifest.xml:32:13-36
156            android:launchMode="singleTask"
156-->[com.google.firebase:firebase-auth:23.1.0] AndroidManifest.xml:33:13-44
157            android:theme="@android:style/Theme.Translucent.NoTitleBar" >
157-->[com.google.firebase:firebase-auth:23.1.0] AndroidManifest.xml:34:13-72
158            <intent-filter>
158-->[com.google.firebase:firebase-auth:23.1.0] AndroidManifest.xml:35:13-45:29
159                <action android:name="android.intent.action.VIEW" />
159-->[com.google.firebase:firebase-auth:23.1.0] AndroidManifest.xml:36:17-69
159-->[com.google.firebase:firebase-auth:23.1.0] AndroidManifest.xml:36:25-66
160
161                <category android:name="android.intent.category.DEFAULT" />
161-->[com.google.firebase:firebase-auth:23.1.0] AndroidManifest.xml:38:17-76
161-->[com.google.firebase:firebase-auth:23.1.0] AndroidManifest.xml:38:27-73
162                <category android:name="android.intent.category.BROWSABLE" />
162-->[com.google.firebase:firebase-auth:23.1.0] AndroidManifest.xml:39:17-78
162-->[com.google.firebase:firebase-auth:23.1.0] AndroidManifest.xml:39:27-75
163
164                <data
164-->src\main\AndroidManifest.xml:48:13-50
165                    android:host="firebase.auth"
166                    android:path="/"
167                    android:scheme="genericidp" />
168            </intent-filter>
169        </activity>
170        <activity
170-->[com.google.firebase:firebase-auth:23.1.0] AndroidManifest.xml:47:9-64:20
171            android:name="com.google.firebase.auth.internal.RecaptchaActivity"
171-->[com.google.firebase:firebase-auth:23.1.0] AndroidManifest.xml:48:13-79
172            android:excludeFromRecents="true"
172-->[com.google.firebase:firebase-auth:23.1.0] AndroidManifest.xml:49:13-46
173            android:exported="true"
173-->[com.google.firebase:firebase-auth:23.1.0] AndroidManifest.xml:50:13-36
174            android:launchMode="singleTask"
174-->[com.google.firebase:firebase-auth:23.1.0] AndroidManifest.xml:51:13-44
175            android:theme="@android:style/Theme.Translucent.NoTitleBar" >
175-->[com.google.firebase:firebase-auth:23.1.0] AndroidManifest.xml:52:13-72
176            <intent-filter>
176-->[com.google.firebase:firebase-auth:23.1.0] AndroidManifest.xml:53:13-63:29
177                <action android:name="android.intent.action.VIEW" />
177-->[com.google.firebase:firebase-auth:23.1.0] AndroidManifest.xml:36:17-69
177-->[com.google.firebase:firebase-auth:23.1.0] AndroidManifest.xml:36:25-66
178
179                <category android:name="android.intent.category.DEFAULT" />
179-->[com.google.firebase:firebase-auth:23.1.0] AndroidManifest.xml:38:17-76
179-->[com.google.firebase:firebase-auth:23.1.0] AndroidManifest.xml:38:27-73
180                <category android:name="android.intent.category.BROWSABLE" />
180-->[com.google.firebase:firebase-auth:23.1.0] AndroidManifest.xml:39:17-78
180-->[com.google.firebase:firebase-auth:23.1.0] AndroidManifest.xml:39:27-75
181
182                <data
182-->src\main\AndroidManifest.xml:48:13-50
183                    android:host="firebase.auth"
184                    android:path="/"
185                    android:scheme="recaptcha" />
186            </intent-filter>
187        </activity>
188
189        <provider
189-->[com.google.firebase:firebase-common:21.0.0] AndroidManifest.xml:23:9-28:39
190            android:name="com.google.firebase.provider.FirebaseInitProvider"
190-->[com.google.firebase:firebase-common:21.0.0] AndroidManifest.xml:24:13-77
191            android:authorities="com.example.finance_tracking.firebaseinitprovider"
191-->[com.google.firebase:firebase-common:21.0.0] AndroidManifest.xml:25:13-72
192            android:directBootAware="true"
192-->[com.google.firebase:firebase-common:21.0.0] AndroidManifest.xml:26:13-43
193            android:exported="false"
193-->[com.google.firebase:firebase-common:21.0.0] AndroidManifest.xml:27:13-37
194            android:initOrder="100" />
194-->[com.google.firebase:firebase-common:21.0.0] AndroidManifest.xml:28:13-36
195
196        <service
196-->[androidx.credentials:credentials-play-services-auth:1.2.0-rc01] AndroidManifest.xml:24:9-32:19
197            android:name="androidx.credentials.playservices.CredentialProviderMetadataHolder"
197-->[androidx.credentials:credentials-play-services-auth:1.2.0-rc01] AndroidManifest.xml:25:13-94
198            android:enabled="true"
198-->[androidx.credentials:credentials-play-services-auth:1.2.0-rc01] AndroidManifest.xml:26:13-35
199            android:exported="false" >
199-->[androidx.credentials:credentials-play-services-auth:1.2.0-rc01] AndroidManifest.xml:27:13-37
200            <meta-data
200-->[androidx.credentials:credentials-play-services-auth:1.2.0-rc01] AndroidManifest.xml:29:13-31:104
201                android:name="androidx.credentials.CREDENTIAL_PROVIDER_KEY"
201-->[androidx.credentials:credentials-play-services-auth:1.2.0-rc01] AndroidManifest.xml:30:17-76
202                android:value="androidx.credentials.playservices.CredentialProviderPlayServicesImpl" />
202-->[androidx.credentials:credentials-play-services-auth:1.2.0-rc01] AndroidManifest.xml:31:17-101
203        </service>
204
205        <activity
205-->[androidx.credentials:credentials-play-services-auth:1.2.0-rc01] AndroidManifest.xml:34:9-41:20
206            android:name="androidx.credentials.playservices.HiddenActivity"
206-->[androidx.credentials:credentials-play-services-auth:1.2.0-rc01] AndroidManifest.xml:35:13-76
207            android:configChanges="orientation|screenSize|screenLayout|keyboardHidden"
207-->[androidx.credentials:credentials-play-services-auth:1.2.0-rc01] AndroidManifest.xml:36:13-87
208            android:enabled="true"
208-->[androidx.credentials:credentials-play-services-auth:1.2.0-rc01] AndroidManifest.xml:37:13-35
209            android:exported="false"
209-->[androidx.credentials:credentials-play-services-auth:1.2.0-rc01] AndroidManifest.xml:38:13-37
210            android:fitsSystemWindows="true"
210-->[androidx.credentials:credentials-play-services-auth:1.2.0-rc01] AndroidManifest.xml:39:13-45
211            android:theme="@style/Theme.Hidden" >
211-->[androidx.credentials:credentials-play-services-auth:1.2.0-rc01] AndroidManifest.xml:40:13-48
212        </activity>
213        <activity
213-->[com.google.android.gms:play-services-auth:20.7.0] AndroidManifest.xml:23:9-27:75
214            android:name="com.google.android.gms.auth.api.signin.internal.SignInHubActivity"
214-->[com.google.android.gms:play-services-auth:20.7.0] AndroidManifest.xml:24:13-93
215            android:excludeFromRecents="true"
215-->[com.google.android.gms:play-services-auth:20.7.0] AndroidManifest.xml:25:13-46
216            android:exported="false"
216-->[com.google.android.gms:play-services-auth:20.7.0] AndroidManifest.xml:26:13-37
217            android:theme="@android:style/Theme.Translucent.NoTitleBar" />
217-->[com.google.android.gms:play-services-auth:20.7.0] AndroidManifest.xml:27:13-72
218        <!--
219            Service handling Google Sign-In user revocation. For apps that do not integrate with
220            Google Sign-In, this service will never be started.
221        -->
222        <service
222-->[com.google.android.gms:play-services-auth:20.7.0] AndroidManifest.xml:33:9-37:51
223            android:name="com.google.android.gms.auth.api.signin.RevocationBoundService"
223-->[com.google.android.gms:play-services-auth:20.7.0] AndroidManifest.xml:34:13-89
224            android:exported="true"
224-->[com.google.android.gms:play-services-auth:20.7.0] AndroidManifest.xml:35:13-36
225            android:permission="com.google.android.gms.auth.api.signin.permission.REVOCATION_NOTIFICATION"
225-->[com.google.android.gms:play-services-auth:20.7.0] AndroidManifest.xml:36:13-107
226            android:visibleToInstantApps="true" />
226-->[com.google.android.gms:play-services-auth:20.7.0] AndroidManifest.xml:37:13-48
227
228        <provider
228-->[androidx.lifecycle:lifecycle-process:2.7.0] AndroidManifest.xml:24:9-32:20
229            android:name="androidx.startup.InitializationProvider"
229-->[androidx.lifecycle:lifecycle-process:2.7.0] AndroidManifest.xml:25:13-67
230            android:authorities="com.example.finance_tracking.androidx-startup"
230-->[androidx.lifecycle:lifecycle-process:2.7.0] AndroidManifest.xml:26:13-68
231            android:exported="false" >
231-->[androidx.lifecycle:lifecycle-process:2.7.0] AndroidManifest.xml:27:13-37
232            <meta-data
232-->[androidx.lifecycle:lifecycle-process:2.7.0] AndroidManifest.xml:29:13-31:52
233                android:name="androidx.lifecycle.ProcessLifecycleInitializer"
233-->[androidx.lifecycle:lifecycle-process:2.7.0] AndroidManifest.xml:30:17-78
234                android:value="androidx.startup" />
234-->[androidx.lifecycle:lifecycle-process:2.7.0] AndroidManifest.xml:31:17-49
235            <meta-data
235-->[androidx.profileinstaller:profileinstaller:1.3.1] AndroidManifest.xml:29:13-31:52
236                android:name="androidx.profileinstaller.ProfileInstallerInitializer"
236-->[androidx.profileinstaller:profileinstaller:1.3.1] AndroidManifest.xml:30:17-85
237                android:value="androidx.startup" />
237-->[androidx.profileinstaller:profileinstaller:1.3.1] AndroidManifest.xml:31:17-49
238        </provider>
239
240        <uses-library
240-->[androidx.window:window:1.2.0] AndroidManifest.xml:23:9-25:40
241            android:name="androidx.window.extensions"
241-->[androidx.window:window:1.2.0] AndroidManifest.xml:24:13-54
242            android:required="false" />
242-->[androidx.window:window:1.2.0] AndroidManifest.xml:25:13-37
243        <uses-library
243-->[androidx.window:window:1.2.0] AndroidManifest.xml:26:9-28:40
244            android:name="androidx.window.sidecar"
244-->[androidx.window:window:1.2.0] AndroidManifest.xml:27:13-51
245            android:required="false" />
245-->[androidx.window:window:1.2.0] AndroidManifest.xml:28:13-37
246
247        <activity
247-->[com.google.android.gms:play-services-base:18.1.0] AndroidManifest.xml:20:9-22:45
248            android:name="com.google.android.gms.common.api.GoogleApiActivity"
248-->[com.google.android.gms:play-services-base:18.1.0] AndroidManifest.xml:20:19-85
249            android:exported="false"
249-->[com.google.android.gms:play-services-base:18.1.0] AndroidManifest.xml:22:19-43
250            android:theme="@android:style/Theme.Translucent.NoTitleBar" />
250-->[com.google.android.gms:play-services-base:18.1.0] AndroidManifest.xml:21:19-78
251
252        <meta-data
252-->[com.google.android.gms:play-services-basement:18.4.0] AndroidManifest.xml:6:9-122
253            android:name="com.google.android.gms.version"
253-->[com.google.android.gms:play-services-basement:18.4.0] AndroidManifest.xml:6:20-65
254            android:value="@integer/google_play_services_version" />
254-->[com.google.android.gms:play-services-basement:18.4.0] AndroidManifest.xml:6:66-119
255
256        <receiver
256-->[androidx.profileinstaller:profileinstaller:1.3.1] AndroidManifest.xml:34:9-52:20
257            android:name="androidx.profileinstaller.ProfileInstallReceiver"
257-->[androidx.profileinstaller:profileinstaller:1.3.1] AndroidManifest.xml:35:13-76
258            android:directBootAware="false"
258-->[androidx.profileinstaller:profileinstaller:1.3.1] AndroidManifest.xml:36:13-44
259            android:enabled="true"
259-->[androidx.profileinstaller:profileinstaller:1.3.1] AndroidManifest.xml:37:13-35
260            android:exported="true"
260-->[androidx.profileinstaller:profileinstaller:1.3.1] AndroidManifest.xml:38:13-36
261            android:permission="android.permission.DUMP" >
261-->[androidx.profileinstaller:profileinstaller:1.3.1] AndroidManifest.xml:39:13-57
262            <intent-filter>
262-->[androidx.profileinstaller:profileinstaller:1.3.1] AndroidManifest.xml:40:13-42:29
263                <action android:name="androidx.profileinstaller.action.INSTALL_PROFILE" />
263-->[androidx.profileinstaller:profileinstaller:1.3.1] AndroidManifest.xml:41:17-91
263-->[androidx.profileinstaller:profileinstaller:1.3.1] AndroidManifest.xml:41:25-88
264            </intent-filter>
265            <intent-filter>
265-->[androidx.profileinstaller:profileinstaller:1.3.1] AndroidManifest.xml:43:13-45:29
266                <action android:name="androidx.profileinstaller.action.SKIP_FILE" />
266-->[androidx.profileinstaller:profileinstaller:1.3.1] AndroidManifest.xml:44:17-85
266-->[androidx.profileinstaller:profileinstaller:1.3.1] AndroidManifest.xml:44:25-82
267            </intent-filter>
268            <intent-filter>
268-->[androidx.profileinstaller:profileinstaller:1.3.1] AndroidManifest.xml:46:13-48:29
269                <action android:name="androidx.profileinstaller.action.SAVE_PROFILE" />
269-->[androidx.profileinstaller:profileinstaller:1.3.1] AndroidManifest.xml:47:17-88
269-->[androidx.profileinstaller:profileinstaller:1.3.1] AndroidManifest.xml:47:25-85
270            </intent-filter>
271            <intent-filter>
271-->[androidx.profileinstaller:profileinstaller:1.3.1] AndroidManifest.xml:49:13-51:29
272                <action android:name="androidx.profileinstaller.action.BENCHMARK_OPERATION" />
272-->[androidx.profileinstaller:profileinstaller:1.3.1] AndroidManifest.xml:50:17-95
272-->[androidx.profileinstaller:profileinstaller:1.3.1] AndroidManifest.xml:50:25-92
273            </intent-filter>
274        </receiver> <!-- The activities will be merged into the manifest of the hosting app. -->
275        <activity
275-->[com.google.android.play:core-common:2.0.3] AndroidManifest.xml:14:9-18:65
276            android:name="com.google.android.play.core.common.PlayCoreDialogWrapperActivity"
276-->[com.google.android.play:core-common:2.0.3] AndroidManifest.xml:15:13-93
277            android:exported="false"
277-->[com.google.android.play:core-common:2.0.3] AndroidManifest.xml:16:13-37
278            android:stateNotNeeded="true"
278-->[com.google.android.play:core-common:2.0.3] AndroidManifest.xml:17:13-42
279            android:theme="@style/Theme.PlayCore.Transparent" />
279-->[com.google.android.play:core-common:2.0.3] AndroidManifest.xml:18:13-62
280    </application>
281
282</manifest>